<?xml version="1.0" encoding="UTF-8"?>
<!-- Generated by org.testng.reporters.JUnitReportReporter -->
<testsuite skipped="1" hostname="AQUILA" name="occam.datadriven.Annotations" tests="8" failures="0" timestamp="19 Oct 2017 07:41:50 GMT" time="0.031" errors="0">
  <testcase name="UserId" time="0.002" classname="occam.datadriven.Annotations"/>
  <testcase name="UserId" time="0.002" classname="occam.datadriven.Annotations"/>
  <testcase name="FlightBooking" time="0.003" classname="occam.datadriven.Annotations"/>
  <testcase name="UserId" time="0.004" classname="occam.datadriven.Annotations"/>
  <testcase name="Payment" time="0.008" classname="occam.datadriven.Annotations"/>
  <testcase name="OpeningBrowser" time="0.010" classname="occam.datadriven.Annotations"/>
  <testcase name="Login" time="0.002" classname="occam.datadriven.Annotations"/>
  <testcase name="PrintInvoice" classname="occam.datadriven.Annotations">
    <skipped/>
  </testcase> <!-- PrintInvoice -->
</testsuite> <!-- occam.datadriven.Annotations -->
