<?xml version="1.0" encoding="UTF-8"?>
<!-- Generated by org.testng.reporters.JUnitReportReporter -->
<testsuite skipped="0" hostname="AQUILA" name="occam.selenium.Annotations" tests="1" failures="0" timestamp="18 Oct 2017 09:12:32 GMT" time="0.009" errors="0">
  <testcase name="testing" time="0.009" classname="occam.selenium.Annotations"/>
</testsuite> <!-- occam.selenium.Annotations -->
