<?xml version="1.0" encoding="UTF-8"?>
<!-- Generated by org.testng.reporters.JUnitReportReporter -->
<testsuite skipped="1" hostname="AQUILA" name="occam.selenium1.DependencyAnnotations" tests="5" failures="0" timestamp="18 Oct 2017 22:40:06 GMT" time="0.012" errors="0">
  <testcase name="Payment" time="0.003" classname="occam.selenium1.DependencyAnnotations"/>
  <testcase name="FlightBooking" time="0.001" classname="occam.selenium1.DependencyAnnotations"/>
  <testcase name="OpeningBrowser" time="0.005" classname="occam.selenium1.DependencyAnnotations"/>
  <testcase name="Login" time="0.003" classname="occam.selenium1.DependencyAnnotations"/>
  <testcase name="PrintInvoice" classname="occam.selenium1.DependencyAnnotations">
    <skipped/>
  </testcase> <!-- PrintInvoice -->
</testsuite> <!-- occam.selenium1.DependencyAnnotations -->
