<?xml version="1.0" encoding="UTF-8"?>
<!-- Generated by org.testng.reporters.JUnitReportReporter -->
<testsuite skipped="0" hostname="AQUILA" name="occam.selenium2.Annotations" tests="4" failures="0" timestamp="18 Oct 2017 22:25:58 GMT" time="0.017" errors="0">
  <testcase name="testing4" time="0.003" classname="occam.selenium2.Annotations"/>
  <testcase name="testing1" time="0.005" classname="occam.selenium2.Annotations"/>
  <testcase name="testing3" time="0.001" classname="occam.selenium2.Annotations"/>
  <testcase name="testing2" time="0.008" classname="occam.selenium2.Annotations"/>
</testsuite> <!-- occam.selenium2.Annotations -->
