<?xml version="1.0" encoding="UTF-8"?>
<!-- Generated by org.testng.reporters.JUnitReportReporter -->
<testsuite skipped="0" hostname="AQUILA" name="occam.datadriven.Parameterized" tests="1" failures="0" timestamp="19 Oct 2017 09:50:57 GMT" time="0.010" errors="0">
  <testcase name="testingparameter" time="0.010" classname="occam.datadriven.Parameterized"/>
</testsuite> <!-- occam.datadriven.Parameterized -->
