<?xml version="1.0" encoding="UTF-8"?>
<!-- Generated by org.testng.reporters.JUnitReportReporter -->
<testsuite skipped="1" hostname="AQUILA" name="occam.selenium.DependencyAnnotations" tests="5" failures="0" timestamp="18 Oct 2017 22:19:26 GMT" time="0.030" errors="0">
  <testcase name="OpeningBrowser" time="0.001" classname="occam.selenium.DependencyAnnotations"/>
  <testcase name="Login" time="0.003" classname="occam.selenium.DependencyAnnotations"/>
  <testcase name="Payment" time="0.016" classname="occam.selenium.DependencyAnnotations"/>
  <testcase name="FlightBooking" time="0.010" classname="occam.selenium.DependencyAnnotations"/>
  <testcase name="PrintInvoice" classname="occam.selenium.DependencyAnnotations">
    <skipped/>
  </testcase> <!-- PrintInvoice -->
</testsuite> <!-- occam.selenium.DependencyAnnotations -->
