<?xml version="1.0" encoding="UTF-8"?>
<!-- Generated by org.testng.reporters.JUnitReportReporter -->
<testsuite skipped="0" hostname="AQUILA" name="occam.selenium2.Annotations" tests="4" failures="0" timestamp="18 Oct 2017 22:40:06 GMT" time="0.009" errors="0">
  <testcase name="testing3" time="0.000" classname="occam.selenium2.Annotations"/>
  <testcase name="testing4" time="0.004" classname="occam.selenium2.Annotations"/>
  <testcase name="testing2" time="0.001" classname="occam.selenium2.Annotations"/>
  <testcase name="testing1" time="0.004" classname="occam.selenium2.Annotations"/>
</testsuite> <!-- occam.selenium2.Annotations -->
