<?xml version="1.0" encoding="UTF-8"?>
<!-- Generated by org.testng.reporters.JUnitReportReporter -->
<testsuite skipped="1" hostname="AQUILA" name="occam.selenium2.DependencyAnnotations" tests="5" failures="0" timestamp="18 Oct 2017 22:40:05 GMT" time="0.018" errors="0">
  <testcase name="FlightBooking" time="0.003" classname="occam.selenium2.DependencyAnnotations"/>
  <testcase name="Payment" time="0.008" classname="occam.selenium2.DependencyAnnotations"/>
  <testcase name="OpeningBrowser" time="0.006" classname="occam.selenium2.DependencyAnnotations"/>
  <testcase name="Login" time="0.001" classname="occam.selenium2.DependencyAnnotations"/>
  <testcase name="PrintInvoice" classname="occam.selenium2.DependencyAnnotations">
    <skipped/>
  </testcase> <!-- PrintInvoice -->
</testsuite> <!-- occam.selenium2.DependencyAnnotations -->
