<?xml version="1.0" encoding="UTF-8"?>
<!-- Generated by org.testng.reporters.JUnitReportReporter -->
<testsuite skipped="0" hostname="AQUILA" name="occam.selenium1.TestNG" tests="5" failures="0" timestamp="18 Oct 2017 22:40:05 GMT" time="0.010" errors="0">
  <testcase name="TestNumber4" time="0.003" classname="occam.selenium1.TestNG"/>
  <testcase name="TestNumber1" time="0.002" classname="occam.selenium1.TestNG"/>
  <testcase name="TestNumber2" time="0.002" classname="occam.selenium1.TestNG"/>
  <testcase name="TestNumber3" time="0.001" classname="occam.selenium1.TestNG"/>
  <testcase name="TestNumber5" time="0.002" classname="occam.selenium1.TestNG"/>
</testsuite> <!-- occam.selenium1.TestNG -->
