<?xml version="1.0" encoding="UTF-8"?>
<!-- Generated by org.testng.reporters.JUnitReportReporter -->
<testsuite skipped="1" hostname="AQUILA" name="occam.selenium.DependencyAnnotations" tests="4" failures="0" timestamp="18 Oct 2017 09:39:42 GMT" time="0.026" errors="0">
  <testcase name="FlightBooking" time="0.000" classname="occam.selenium.DependencyAnnotations"/>
  <testcase name="Login" time="0.002" classname="occam.selenium.DependencyAnnotations"/>
  <testcase name="OpeningBrowser" time="0.024" classname="occam.selenium.DependencyAnnotations"/>
  <testcase name="Payment" classname="occam.selenium.DependencyAnnotations">
    <skipped/>
  </testcase> <!-- Payment -->
</testsuite> <!-- occam.selenium.DependencyAnnotations -->
