<?xml version="1.0" encoding="UTF-8"?>
<!-- Generated by org.testng.reporters.JUnitReportReporter -->
<testsuite skipped="0" hostname="AQUILA" name="occam.selenium.Annotations" tests="4" failures="0" timestamp="18 Oct 2017 22:19:26 GMT" time="0.018" errors="0">
  <testcase name="testing2" time="0.004" classname="occam.selenium.Annotations"/>
  <testcase name="testing3" time="0.004" classname="occam.selenium.Annotations"/>
  <testcase name="testing1" time="0.007" classname="occam.selenium.Annotations"/>
  <testcase name="testing4" time="0.003" classname="occam.selenium.Annotations"/>
</testsuite> <!-- occam.selenium.Annotations -->
