<?xml version="1.0" encoding="UTF-8"?>
<!-- Generated by org.testng.reporters.JUnitReportReporter -->
<testsuite skipped="0" hostname="AQUILA" name="occam.selenium.TestNG" tests="1" failures="0" timestamp="18 Oct 2017 06:38:05 GMT" time="0.000" errors="0">
  <testcase name="OpenBrowser" time="0.000" classname="occam.selenium.TestNG"/>
</testsuite> <!-- occam.selenium.TestNG -->
