<?xml version="1.0" encoding="UTF-8"?>
<!-- Generated by org.testng.reporters.JUnitReportReporter -->
<testsuite skipped="0" hostname="AQUILA" name="occam.selenium.TestNG" tests="5" failures="0" timestamp="18 Oct 2017 07:09:57 GMT" time="0.017" errors="0">
  <testcase name="TestNumber5" time="0.000" classname="occam.selenium.TestNG"/>
  <testcase name="TestNumber2" time="0.017" classname="occam.selenium.TestNG"/>
  <testcase name="TestNumber1" time="0.000" classname="occam.selenium.TestNG"/>
  <testcase name="TestNumber4" time="0.000" classname="occam.selenium.TestNG"/>
  <testcase name="TestNumber3" time="0.000" classname="occam.selenium.TestNG"/>
</testsuite> <!-- occam.selenium.TestNG -->
