<?xml version="1.0" encoding="UTF-8"?>
<!-- Generated by org.testng.reporters.JUnitReportReporter -->
<testsuite skipped="0" hostname="AQUILA" name="occam.selenium.TestNG" tests="5" failures="0" timestamp="18 Oct 2017 08:26:32 GMT" time="0.016" errors="0">
  <testcase name="TestNumber4" time="0.005" classname="occam.selenium.TestNG"/>
  <testcase name="TestNumber3" time="0.001" classname="occam.selenium.TestNG"/>
  <testcase name="TestNumber1" time="0.006" classname="occam.selenium.TestNG"/>
  <testcase name="TestNumber2" time="0.002" classname="occam.selenium.TestNG"/>
  <testcase name="TestNumber5" time="0.002" classname="occam.selenium.TestNG"/>
</testsuite> <!-- occam.selenium.TestNG -->
